 job "exp_01.02"
 id: 1079009
 partition: multi
 node(s): ivb03
 gres: 
 gpus: 
start 2024-09-10 - 23:11:54

Running training for: exp1.1
Using cuda device
Num Model Parameters 120
Num Model Parameters 1654837
Train Epoch: 1 	TrainLoss: 0.186795 	TrainAUCpr: 0.503392
Train Epoch: 1 	ValLoss:  0.030755 	ValAUCpr: 0.118827
Train Epoch: 2 	TrainLoss: 0.086109 	TrainAUCpr: 0.500402
Train Epoch: 2 	ValLoss:  0.027537 	ValAUCpr: 0.123770
Train Epoch: 3 	TrainLoss: 0.062883 	TrainAUCpr: 0.765215
Train Epoch: 3 	ValLoss:  0.033538 	ValAUCpr: 0.138332
Train Epoch: 4 	TrainLoss: 0.044496 	TrainAUCpr: 0.929598
Train Epoch: 4 	ValLoss:  0.029327 	ValAUCpr: 0.110541
Train Epoch: 5 	TrainLoss: 0.039153 	TrainAUCpr: 0.950268
Train Epoch: 5 	ValLoss:  0.024821 	ValAUCpr: 0.142425
Train Epoch: 6 	TrainLoss: 0.036301 	TrainAUCpr: 0.958694
Train Epoch: 6 	ValLoss:  0.022709 	ValAUCpr: 0.203608
Train Epoch: 7 	TrainLoss: 0.034923 	TrainAUCpr: 0.962327
Train Epoch: 7 	ValLoss:  0.028552 	ValAUCpr: 0.130426
Train Epoch: 8 	TrainLoss: 0.033271 	TrainAUCpr: 0.965461
Train Epoch: 8 	ValLoss:  0.028107 	ValAUCpr: 0.160394
Train Epoch: 9 	TrainLoss: 0.032127 	TrainAUCpr: 0.968355
Train Epoch: 9 	ValLoss:  0.027877 	ValAUCpr: 0.143702
Train Epoch: 10 	TrainLoss: 0.031764 	TrainAUCpr: 0.968834
Train Epoch: 10 	ValLoss:  0.030365 	ValAUCpr: 0.151447
Train Epoch: 11 	TrainLoss: 0.031421 	TrainAUCpr: 0.969863
Train Epoch: 11 	ValLoss:  0.029452 	ValAUCpr: 0.190741
Train Epoch: 12 	TrainLoss: 0.030399 	TrainAUCpr: 0.971364
Train Epoch: 12 	ValLoss:  0.029947 	ValAUCpr: 0.162744
Train Epoch: 13 	TrainLoss: 0.029098 	TrainAUCpr: 0.971853
Train Epoch: 13 	ValLoss:  0.042701 	ValAUCpr: 0.111626
Train Epoch: 14 	TrainLoss: 0.028847 	TrainAUCpr: 0.974652
Train Epoch: 14 	ValLoss:  0.027781 	ValAUCpr: 0.312917
Train Epoch: 15 	TrainLoss: 0.028097 	TrainAUCpr: 0.977016
Train Epoch: 15 	ValLoss:  0.029949 	ValAUCpr: 0.301801
Train Epoch: 16 	TrainLoss: 0.026866 	TrainAUCpr: 0.978333
Train Epoch: 16 	ValLoss:  0.029714 	ValAUCpr: 0.249219
Train Epoch: 17 	TrainLoss: 0.026257 	TrainAUCpr: 0.978267
Train Epoch: 17 	ValLoss:  0.035517 	ValAUCpr: 0.227806
Train Epoch: 18 	TrainLoss: 0.026478 	TrainAUCpr: 0.979724
Train Epoch: 18 	ValLoss:  0.028848 	ValAUCpr: 0.359096
Train Epoch: 19 	TrainLoss: 0.025470 	TrainAUCpr: 0.981437
Train Epoch: 19 	ValLoss:  0.034193 	ValAUCpr: 0.219075
Train Epoch: 20 	TrainLoss: 0.024685 	TrainAUCpr: 0.981914
Train Epoch: 20 	ValLoss:  0.040260 	ValAUCpr: 0.201427
saving the model
Using cuda device
Testing process has finished.
Accuracy : 0.57 F1 : 0.55 Precission : 0.53 Recall : 0.57 MAEtime : 26.79
Using cuda device
Testing process has finished.
Accuracy : 0.50 F1 : 0.50 Precission : 0.50 Recall : 0.50 MAEtime : 18.49
Using cuda device
Testing process has finished.
Accuracy : 0.69 F1 : 0.69 Precission : 0.68 Recall : 0.69 MAEtime : 9.52
Running training for: exp1.1
Using cuda device
Num Model Parameters 120
Num Model Parameters 1654837
Train Epoch: 1 	TrainLoss: 0.186795 	TrainAUCpr: 0.503392
Train Epoch: 1 	ValLoss:  0.030755 	ValAUCpr: 0.118827
Train Epoch: 2 	TrainLoss: 0.086109 	TrainAUCpr: 0.500402
Train Epoch: 2 	ValLoss:  0.027537 	ValAUCpr: 0.123770
Train Epoch: 3 	TrainLoss: 0.062883 	TrainAUCpr: 0.765215
Train Epoch: 3 	ValLoss:  0.033538 	ValAUCpr: 0.138332
Train Epoch: 4 	TrainLoss: 0.044496 	TrainAUCpr: 0.929598
Train Epoch: 4 	ValLoss:  0.029327 	ValAUCpr: 0.110541
Train Epoch: 5 	TrainLoss: 0.039153 	TrainAUCpr: 0.950268
Train Epoch: 5 	ValLoss:  0.024821 	ValAUCpr: 0.142425
Train Epoch: 6 	TrainLoss: 0.036301 	TrainAUCpr: 0.958694
Train Epoch: 6 	ValLoss:  0.022709 	ValAUCpr: 0.203608
Train Epoch: 7 	TrainLoss: 0.034923 	TrainAUCpr: 0.962327
Train Epoch: 7 	ValLoss:  0.028552 	ValAUCpr: 0.130426
Train Epoch: 8 	TrainLoss: 0.033271 	TrainAUCpr: 0.965461
Train Epoch: 8 	ValLoss:  0.028107 	ValAUCpr: 0.160394
Train Epoch: 9 	TrainLoss: 0.032127 	TrainAUCpr: 0.968355
Train Epoch: 9 	ValLoss:  0.027877 	ValAUCpr: 0.143702
Train Epoch: 10 	TrainLoss: 0.031764 	TrainAUCpr: 0.968834
Train Epoch: 10 	ValLoss:  0.030365 	ValAUCpr: 0.151447
Train Epoch: 11 	TrainLoss: 0.031421 	TrainAUCpr: 0.969863
Train Epoch: 11 	ValLoss:  0.029452 	ValAUCpr: 0.190741
Train Epoch: 12 	TrainLoss: 0.030399 	TrainAUCpr: 0.971364
Train Epoch: 12 	ValLoss:  0.029947 	ValAUCpr: 0.162744
Train Epoch: 13 	TrainLoss: 0.029098 	TrainAUCpr: 0.971853
Train Epoch: 13 	ValLoss:  0.042701 	ValAUCpr: 0.111626
Train Epoch: 14 	TrainLoss: 0.028847 	TrainAUCpr: 0.974652
Train Epoch: 14 	ValLoss:  0.027781 	ValAUCpr: 0.312917
Train Epoch: 15 	TrainLoss: 0.028097 	TrainAUCpr: 0.977016
Train Epoch: 15 	ValLoss:  0.029949 	ValAUCpr: 0.301801
Train Epoch: 16 	TrainLoss: 0.026866 	TrainAUCpr: 0.978333
Train Epoch: 16 	ValLoss:  0.029714 	ValAUCpr: 0.249219
Train Epoch: 17 	TrainLoss: 0.026257 	TrainAUCpr: 0.978267
Train Epoch: 17 	ValLoss:  0.035517 	ValAUCpr: 0.227806
Train Epoch: 18 	TrainLoss: 0.026478 	TrainAUCpr: 0.979724
Train Epoch: 18 	ValLoss:  0.028848 	ValAUCpr: 0.359096
Train Epoch: 19 	TrainLoss: 0.025470 	TrainAUCpr: 0.981437
Train Epoch: 19 	ValLoss:  0.034193 	ValAUCpr: 0.219075
Train Epoch: 20 	TrainLoss: 0.024685 	TrainAUCpr: 0.981914
Train Epoch: 20 	ValLoss:  0.040260 	ValAUCpr: 0.201427
saving the model
Using cuda device
Testing process has finished.
Accuracy : 0.57 F1 : 0.55 Precission : 0.53 Recall : 0.57 MAEtime : 26.79
Using cuda device
Testing process has finished.
Accuracy : 0.50 F1 : 0.50 Precission : 0.50 Recall : 0.50 MAEtime : 18.49
Using cuda device
Testing process has finished.
Accuracy : 0.69 F1 : 0.69 Precission : 0.68 Recall : 0.69 MAEtime : 9.52
Running training for: exp1.1
Using cuda device
Num Model Parameters 120
Num Model Parameters 1654837
Train Epoch: 1 	TrainLoss: 0.186795 	TrainAUCpr: 0.503392
Train Epoch: 1 	ValLoss:  0.030755 	ValAUCpr: 0.118827
Train Epoch: 2 	TrainLoss: 0.086109 	TrainAUCpr: 0.500402
Train Epoch: 2 	ValLoss:  0.027537 	ValAUCpr: 0.123770
Train Epoch: 3 	TrainLoss: 0.062883 	TrainAUCpr: 0.765215
Train Epoch: 3 	ValLoss:  0.033538 	ValAUCpr: 0.138332
Train Epoch: 4 	TrainLoss: 0.044496 	TrainAUCpr: 0.929598
Train Epoch: 4 	ValLoss:  0.029327 	ValAUCpr: 0.110541
Train Epoch: 5 	TrainLoss: 0.039153 	TrainAUCpr: 0.950268
Train Epoch: 5 	ValLoss:  0.024821 	ValAUCpr: 0.142425
Train Epoch: 6 	TrainLoss: 0.036301 	TrainAUCpr: 0.958694
Train Epoch: 6 	ValLoss:  0.022709 	ValAUCpr: 0.203608
Train Epoch: 7 	TrainLoss: 0.034923 	TrainAUCpr: 0.962327
Train Epoch: 7 	ValLoss:  0.028552 	ValAUCpr: 0.130426
Train Epoch: 8 	TrainLoss: 0.033271 	TrainAUCpr: 0.965461
Train Epoch: 8 	ValLoss:  0.028107 	ValAUCpr: 0.160394
Train Epoch: 9 	TrainLoss: 0.032127 	TrainAUCpr: 0.968355
Train Epoch: 9 	ValLoss:  0.027877 	ValAUCpr: 0.143702
Train Epoch: 10 	TrainLoss: 0.031764 	TrainAUCpr: 0.968834
Train Epoch: 10 	ValLoss:  0.030365 	ValAUCpr: 0.151447
Train Epoch: 11 	TrainLoss: 0.031421 	TrainAUCpr: 0.969863
Train Epoch: 11 	ValLoss:  0.029452 	ValAUCpr: 0.190741
Train Epoch: 12 	TrainLoss: 0.030399 	TrainAUCpr: 0.971364
Train Epoch: 12 	ValLoss:  0.029947 	ValAUCpr: 0.162744
Train Epoch: 13 	TrainLoss: 0.029098 	TrainAUCpr: 0.971853
Train Epoch: 13 	ValLoss:  0.042701 	ValAUCpr: 0.111626
Train Epoch: 14 	TrainLoss: 0.028847 	TrainAUCpr: 0.974652
Train Epoch: 14 	ValLoss:  0.027781 	ValAUCpr: 0.312917
Train Epoch: 15 	TrainLoss: 0.028097 	TrainAUCpr: 0.977016
Train Epoch: 15 	ValLoss:  0.029949 	ValAUCpr: 0.301801
Train Epoch: 16 	TrainLoss: 0.026866 	TrainAUCpr: 0.978333
Train Epoch: 16 	ValLoss:  0.029714 	ValAUCpr: 0.249219
Train Epoch: 17 	TrainLoss: 0.026257 	TrainAUCpr: 0.978267
Train Epoch: 17 	ValLoss:  0.035517 	ValAUCpr: 0.227806
Train Epoch: 18 	TrainLoss: 0.026478 	TrainAUCpr: 0.979724
Train Epoch: 18 	ValLoss:  0.028848 	ValAUCpr: 0.359096
Train Epoch: 19 	TrainLoss: 0.025470 	TrainAUCpr: 0.981437
Train Epoch: 19 	ValLoss:  0.034193 	ValAUCpr: 0.219075
Train Epoch: 20 	TrainLoss: 0.024685 	TrainAUCpr: 0.981914
Train Epoch: 20 	ValLoss:  0.040260 	ValAUCpr: 0.201427
saving the model
Using cuda device
Testing process has finished.
Accuracy : 0.57 F1 : 0.55 Precission : 0.53 Recall : 0.57 MAEtime : 26.79
Using cuda device
Testing process has finished.
Accuracy : 0.50 F1 : 0.50 Precission : 0.50 Recall : 0.50 MAEtime : 18.49
Using cuda device
Testing process has finished.
Accuracy : 0.69 F1 : 0.69 Precission : 0.68 Recall : 0.69 MAEtime : 9.52
